---------------------------------------
RUNNING setup script:
none none /glade/u/home/djk2120/ctsm_trendy_2023/sims/TRENDY2023_f09_S1
---------------------------------------
submitting case: TRENDY2023_f09_S1
copying /glade/u/home/djk2120/ctsm_trendy_2023/sims/TRENDY2023_f09_S1/env_batch.xml -> /glade/u/home/djk2120/ctsm_trendy_2023/sims/TRENDY2023_f09_S1/LockedFiles
copying /glade/u/home/djk2120/ctsm_trendy_2023/sims/TRENDY2023_f09_S1/env_batch.xml -> /glade/u/home/djk2120/ctsm_trendy_2023/sims/TRENDY2023_f09_S1/LockedFiles
Setting resource.RLIMIT_STACK to -1 from (307200000, -1)
 - Prestaging REFCASE (/glade/scratch/djk2120/archive/TRENDY2023_f09_spinPostAD/rest/0400-01-01-00000) to /glade/scratch/djk2120/TRENDY2023_f09_S1/run
Copy rpointer /glade/scratch/djk2120/archive/TRENDY2023_f09_spinPostAD/rest/0400-01-01-00000/rpointer.lnd
copying /glade/scratch/djk2120/archive/TRENDY2023_f09_spinPostAD/rest/0400-01-01-00000/rpointer.lnd -> /glade/scratch/djk2120/TRENDY2023_f09_S1/run
Copy rpointer /glade/scratch/djk2120/archive/TRENDY2023_f09_spinPostAD/rest/0400-01-01-00000/rpointer.rof
copying /glade/scratch/djk2120/archive/TRENDY2023_f09_spinPostAD/rest/0400-01-01-00000/rpointer.rof -> /glade/scratch/djk2120/TRENDY2023_f09_S1/run
Copy rpointer /glade/scratch/djk2120/archive/TRENDY2023_f09_spinPostAD/rest/0400-01-01-00000/rpointer.atm
copying /glade/scratch/djk2120/archive/TRENDY2023_f09_spinPostAD/rest/0400-01-01-00000/rpointer.atm -> /glade/scratch/djk2120/TRENDY2023_f09_S1/run
Copy rpointer /glade/scratch/djk2120/archive/TRENDY2023_f09_spinPostAD/rest/0400-01-01-00000/rpointer.glc
copying /glade/scratch/djk2120/archive/TRENDY2023_f09_spinPostAD/rest/0400-01-01-00000/rpointer.glc -> /glade/scratch/djk2120/TRENDY2023_f09_S1/run
Copy rpointer /glade/scratch/djk2120/archive/TRENDY2023_f09_spinPostAD/rest/0400-01-01-00000/rpointer.drv
copying /glade/scratch/djk2120/archive/TRENDY2023_f09_spinPostAD/rest/0400-01-01-00000/rpointer.drv -> /glade/scratch/djk2120/TRENDY2023_f09_S1/run
Creating component namelists
  2023-08-21 12:23:16 atm
   Calling /glade/work/djk2120/trendy2022/cime/src/components/data_comps/datm/cime_config/buildnml
copying /glade/u/home/djk2120/ctsm_trendy_2023/sims/TRENDY2023_f09_S1/user_datm.streams.txt.CLMCRUNCEPv7.Solar -> /glade/u/home/djk2120/ctsm_trendy_2023/sims/TRENDY2023_f09_S1/Buildconf/datmconf/datm.streams.txt.CLMCRUNCEPv7.Solar
copying /glade/u/home/djk2120/ctsm_trendy_2023/sims/TRENDY2023_f09_S1/user_datm.streams.txt.CLMCRUNCEPv7.Precip -> /glade/u/home/djk2120/ctsm_trendy_2023/sims/TRENDY2023_f09_S1/Buildconf/datmconf/datm.streams.txt.CLMCRUNCEPv7.Precip
copying /glade/u/home/djk2120/ctsm_trendy_2023/sims/TRENDY2023_f09_S1/user_datm.streams.txt.CLMCRUNCEPv7.TPQW -> /glade/u/home/djk2120/ctsm_trendy_2023/sims/TRENDY2023_f09_S1/Buildconf/datmconf/datm.streams.txt.CLMCRUNCEPv7.TPQW
copying /glade/u/home/djk2120/ctsm_trendy_2023/sims/TRENDY2023_f09_S1/user_datm.streams.txt.co2tseries.20tr -> /glade/u/home/djk2120/ctsm_trendy_2023/sims/TRENDY2023_f09_S1/Buildconf/datmconf/datm.streams.txt.co2tseries.20tr
copying /glade/u/home/djk2120/ctsm_trendy_2023/sims/TRENDY2023_f09_S1/Buildconf/datmconf/datm_in -> /glade/scratch/djk2120/TRENDY2023_f09_S1/run
copying /glade/u/home/djk2120/ctsm_trendy_2023/sims/TRENDY2023_f09_S1/Buildconf/datmconf/datm.streams.txt.presaero.trans_1850-2000 -> /glade/scratch/djk2120/TRENDY2023_f09_S1/run
copying /glade/u/home/djk2120/ctsm_trendy_2023/sims/TRENDY2023_f09_S1/Buildconf/datmconf/datm.streams.txt.CLMCRUNCEPv7.Solar -> /glade/scratch/djk2120/TRENDY2023_f09_S1/run
copying /glade/u/home/djk2120/ctsm_trendy_2023/sims/TRENDY2023_f09_S1/Buildconf/datmconf/datm.streams.txt.CLMCRUNCEPv7.Precip -> /glade/scratch/djk2120/TRENDY2023_f09_S1/run
copying /glade/u/home/djk2120/ctsm_trendy_2023/sims/TRENDY2023_f09_S1/Buildconf/datmconf/datm.streams.txt.co2tseries.20tr -> /glade/scratch/djk2120/TRENDY2023_f09_S1/run
copying /glade/u/home/djk2120/ctsm_trendy_2023/sims/TRENDY2023_f09_S1/Buildconf/datmconf/datm.streams.txt.topo.observed -> /glade/scratch/djk2120/TRENDY2023_f09_S1/run
copying /glade/u/home/djk2120/ctsm_trendy_2023/sims/TRENDY2023_f09_S1/Buildconf/datmconf/datm.streams.txt.CLMCRUNCEPv7.TPQW -> /glade/scratch/djk2120/TRENDY2023_f09_S1/run
  2023-08-21 12:23:16 lnd
   Calling /glade/work/djk2120/trendy2022/cime_config/buildnml
  2023-08-21 12:23:16 ice
   Calling /glade/work/djk2120/trendy2022/cime/src/components/stub_comps/sice/cime_config/buildnml
  2023-08-21 12:23:16 ocn
   Calling /glade/work/djk2120/trendy2022/cime/src/components/stub_comps/socn/cime_config/buildnml
  2023-08-21 12:23:16 rof
   Calling /glade/work/djk2120/trendy2022/components/mosart//cime_config/buildnml
  2023-08-21 12:23:16 glc
   Running /glade/work/djk2120/trendy2022/components/cism//cime_config/buildnml 
  2023-08-21 12:23:20 wav
   Calling /glade/work/djk2120/trendy2022/cime/src/components/stub_comps/swav/cime_config/buildnml
  2023-08-21 12:23:20 iac
   Running /glade/work/djk2120/trendy2022/cime/src/components/stub_comps/siac/cime_config/buildnml 
  2023-08-21 12:23:20 esp
   Calling /glade/work/djk2120/trendy2022/cime/src/components/stub_comps/sesp/cime_config/buildnml
  2023-08-21 12:23:20 cpl
   Calling /glade/work/djk2120/trendy2022/cime/src/drivers/mct/cime_config/buildnml
copying /glade/u/home/djk2120/ctsm_trendy_2023/sims/TRENDY2023_f09_S1/Buildconf/cplconf/drv_in -> /glade/scratch/djk2120/TRENDY2023_f09_S1/run
copying /glade/u/home/djk2120/ctsm_trendy_2023/sims/TRENDY2023_f09_S1/CaseDocs/drv_flds_in -> /glade/scratch/djk2120/TRENDY2023_f09_S1/run
copying /glade/u/home/djk2120/ctsm_trendy_2023/sims/TRENDY2023_f09_S1/Buildconf/cplconf/seq_maps.rc -> /glade/scratch/djk2120/TRENDY2023_f09_S1/run
copying /glade/u/home/djk2120/ctsm_trendy_2023/sims/TRENDY2023_f09_S1/Buildconf/cplconf/glc_modelio.nml -> /glade/scratch/djk2120/TRENDY2023_f09_S1/run
copying /glade/u/home/djk2120/ctsm_trendy_2023/sims/TRENDY2023_f09_S1/Buildconf/cplconf/iac_modelio.nml -> /glade/scratch/djk2120/TRENDY2023_f09_S1/run
copying /glade/u/home/djk2120/ctsm_trendy_2023/sims/TRENDY2023_f09_S1/Buildconf/cplconf/ocn_modelio.nml -> /glade/scratch/djk2120/TRENDY2023_f09_S1/run
copying /glade/u/home/djk2120/ctsm_trendy_2023/sims/TRENDY2023_f09_S1/Buildconf/cplconf/esp_modelio.nml -> /glade/scratch/djk2120/TRENDY2023_f09_S1/run
copying /glade/u/home/djk2120/ctsm_trendy_2023/sims/TRENDY2023_f09_S1/Buildconf/cplconf/ice_modelio.nml -> /glade/scratch/djk2120/TRENDY2023_f09_S1/run
copying /glade/u/home/djk2120/ctsm_trendy_2023/sims/TRENDY2023_f09_S1/Buildconf/cplconf/wav_modelio.nml -> /glade/scratch/djk2120/TRENDY2023_f09_S1/run
copying /glade/u/home/djk2120/ctsm_trendy_2023/sims/TRENDY2023_f09_S1/Buildconf/cplconf/lnd_modelio.nml -> /glade/scratch/djk2120/TRENDY2023_f09_S1/run
copying /glade/u/home/djk2120/ctsm_trendy_2023/sims/TRENDY2023_f09_S1/Buildconf/cplconf/atm_modelio.nml -> /glade/scratch/djk2120/TRENDY2023_f09_S1/run
copying /glade/u/home/djk2120/ctsm_trendy_2023/sims/TRENDY2023_f09_S1/Buildconf/cplconf/rof_modelio.nml -> /glade/scratch/djk2120/TRENDY2023_f09_S1/run
copying /glade/u/home/djk2120/ctsm_trendy_2023/sims/TRENDY2023_f09_S1/Buildconf/cplconf/cpl_modelio.nml -> /glade/scratch/djk2120/TRENDY2023_f09_S1/run
Finished creating component namelists
copying /glade/scratch/djk2120/TRENDY2023_f09_S1/run/glc_modelio.nml -> /glade/u/home/djk2120/ctsm_trendy_2023/sims/TRENDY2023_f09_S1/CaseDocs
copying /glade/scratch/djk2120/TRENDY2023_f09_S1/run/iac_modelio.nml -> /glade/u/home/djk2120/ctsm_trendy_2023/sims/TRENDY2023_f09_S1/CaseDocs
copying /glade/scratch/djk2120/TRENDY2023_f09_S1/run/ocn_modelio.nml -> /glade/u/home/djk2120/ctsm_trendy_2023/sims/TRENDY2023_f09_S1/CaseDocs
copying /glade/scratch/djk2120/TRENDY2023_f09_S1/run/esp_modelio.nml -> /glade/u/home/djk2120/ctsm_trendy_2023/sims/TRENDY2023_f09_S1/CaseDocs
copying /glade/scratch/djk2120/TRENDY2023_f09_S1/run/ice_modelio.nml -> /glade/u/home/djk2120/ctsm_trendy_2023/sims/TRENDY2023_f09_S1/CaseDocs
copying /glade/scratch/djk2120/TRENDY2023_f09_S1/run/wav_modelio.nml -> /glade/u/home/djk2120/ctsm_trendy_2023/sims/TRENDY2023_f09_S1/CaseDocs
copying /glade/scratch/djk2120/TRENDY2023_f09_S1/run/lnd_modelio.nml -> /glade/u/home/djk2120/ctsm_trendy_2023/sims/TRENDY2023_f09_S1/CaseDocs
copying /glade/scratch/djk2120/TRENDY2023_f09_S1/run/atm_modelio.nml -> /glade/u/home/djk2120/ctsm_trendy_2023/sims/TRENDY2023_f09_S1/CaseDocs
copying /glade/scratch/djk2120/TRENDY2023_f09_S1/run/rof_modelio.nml -> /glade/u/home/djk2120/ctsm_trendy_2023/sims/TRENDY2023_f09_S1/CaseDocs
copying /glade/scratch/djk2120/TRENDY2023_f09_S1/run/cpl_modelio.nml -> /glade/u/home/djk2120/ctsm_trendy_2023/sims/TRENDY2023_f09_S1/CaseDocs
copying /glade/scratch/djk2120/TRENDY2023_f09_S1/run/cism_in -> /glade/u/home/djk2120/ctsm_trendy_2023/sims/TRENDY2023_f09_S1/CaseDocs
copying /glade/scratch/djk2120/TRENDY2023_f09_S1/run/drv_in -> /glade/u/home/djk2120/ctsm_trendy_2023/sims/TRENDY2023_f09_S1/CaseDocs
copying /glade/scratch/djk2120/TRENDY2023_f09_S1/run/mosart_in -> /glade/u/home/djk2120/ctsm_trendy_2023/sims/TRENDY2023_f09_S1/CaseDocs
copying /glade/scratch/djk2120/TRENDY2023_f09_S1/run/drv_flds_in -> /glade/u/home/djk2120/ctsm_trendy_2023/sims/TRENDY2023_f09_S1/CaseDocs
copying /glade/scratch/djk2120/TRENDY2023_f09_S1/run/lnd_in -> /glade/u/home/djk2120/ctsm_trendy_2023/sims/TRENDY2023_f09_S1/CaseDocs
copying /glade/scratch/djk2120/TRENDY2023_f09_S1/run/datm_in -> /glade/u/home/djk2120/ctsm_trendy_2023/sims/TRENDY2023_f09_S1/CaseDocs
copying /glade/scratch/djk2120/TRENDY2023_f09_S1/run/datm.streams.txt.presaero.trans_1850-2000 -> /glade/u/home/djk2120/ctsm_trendy_2023/sims/TRENDY2023_f09_S1/CaseDocs
copying /glade/scratch/djk2120/TRENDY2023_f09_S1/run/datm.streams.txt.CLMCRUNCEPv7.Solar -> /glade/u/home/djk2120/ctsm_trendy_2023/sims/TRENDY2023_f09_S1/CaseDocs
copying /glade/scratch/djk2120/TRENDY2023_f09_S1/run/datm.streams.txt.CLMCRUNCEPv7.Precip -> /glade/u/home/djk2120/ctsm_trendy_2023/sims/TRENDY2023_f09_S1/CaseDocs
copying /glade/scratch/djk2120/TRENDY2023_f09_S1/run/datm.streams.txt.co2tseries.20tr -> /glade/u/home/djk2120/ctsm_trendy_2023/sims/TRENDY2023_f09_S1/CaseDocs
copying /glade/scratch/djk2120/TRENDY2023_f09_S1/run/datm.streams.txt.topo.observed -> /glade/u/home/djk2120/ctsm_trendy_2023/sims/TRENDY2023_f09_S1/CaseDocs
copying /glade/scratch/djk2120/TRENDY2023_f09_S1/run/datm.streams.txt.CLMCRUNCEPv7.TPQW -> /glade/u/home/djk2120/ctsm_trendy_2023/sims/TRENDY2023_f09_S1/CaseDocs
copying /glade/scratch/djk2120/TRENDY2023_f09_S1/run/seq_maps.rc -> /glade/u/home/djk2120/ctsm_trendy_2023/sims/TRENDY2023_f09_S1/CaseDocs
copying /glade/scratch/djk2120/TRENDY2023_f09_S1/run/cism.config -> /glade/u/home/djk2120/ctsm_trendy_2023/sims/TRENDY2023_f09_S1/CaseDocs
Checking that inputdata is available as part of case submission
Setting resource.RLIMIT_STACK to -1 from (-1, -1)
Loading input file list: 'Buildconf/clm.input_data_list'
Model clm no file specified for flanduse_timeseries
Loading input file list: 'Buildconf/cpl.input_data_list'
Loading input file list: 'Buildconf/datm.input_data_list'
Loading input file list: 'Buildconf/cism.input_data_list'
Loading input file list: 'Buildconf/mosart.input_data_list'
 - Prestaging REFCASE (/glade/scratch/djk2120/archive/TRENDY2023_f09_spinPostAD/rest/0400-01-01-00000) to /glade/scratch/djk2120/TRENDY2023_f09_S1/run
Copy rpointer /glade/scratch/djk2120/archive/TRENDY2023_f09_spinPostAD/rest/0400-01-01-00000/rpointer.lnd
copying /glade/scratch/djk2120/archive/TRENDY2023_f09_spinPostAD/rest/0400-01-01-00000/rpointer.lnd -> /glade/scratch/djk2120/TRENDY2023_f09_S1/run
Copy rpointer /glade/scratch/djk2120/archive/TRENDY2023_f09_spinPostAD/rest/0400-01-01-00000/rpointer.rof
copying /glade/scratch/djk2120/archive/TRENDY2023_f09_spinPostAD/rest/0400-01-01-00000/rpointer.rof -> /glade/scratch/djk2120/TRENDY2023_f09_S1/run
Copy rpointer /glade/scratch/djk2120/archive/TRENDY2023_f09_spinPostAD/rest/0400-01-01-00000/rpointer.atm
copying /glade/scratch/djk2120/archive/TRENDY2023_f09_spinPostAD/rest/0400-01-01-00000/rpointer.atm -> /glade/scratch/djk2120/TRENDY2023_f09_S1/run
Copy rpointer /glade/scratch/djk2120/archive/TRENDY2023_f09_spinPostAD/rest/0400-01-01-00000/rpointer.glc
copying /glade/scratch/djk2120/archive/TRENDY2023_f09_spinPostAD/rest/0400-01-01-00000/rpointer.glc -> /glade/scratch/djk2120/TRENDY2023_f09_S1/run
Copy rpointer /glade/scratch/djk2120/archive/TRENDY2023_f09_spinPostAD/rest/0400-01-01-00000/rpointer.drv
copying /glade/scratch/djk2120/archive/TRENDY2023_f09_spinPostAD/rest/0400-01-01-00000/rpointer.drv -> /glade/scratch/djk2120/TRENDY2023_f09_S1/run
Check case OK
submit_jobs case.run
Submit job case.run
Submitting job script qsub -q regular -l walltime=12:00:00 -A P93300041 -v ARGS_FOR_SCRIPT='--completion-sets-continue-run' .case.run
Submitted job id is 2758863.chadmin1.ib0.cheyenne.ucar.edu
Submit job case.st_archive
Submitting job script qsub -q regular -l walltime=12:00:00 -A P93300041  -W depend=afterok:2758863.chadmin1.ib0.cheyenne.ucar.edu  case.st_archive
Submitted job id is 2758864.chadmin1.ib0.cheyenne.ucar.edu
Submit job case.run
Submitting job script qsub -q regular -l walltime=12:00:00 -A P93300041  -W depend=afterok:2758864.chadmin1.ib0.cheyenne.ucar.edu -v ARGS_FOR_SCRIPT='--completion-sets-continue-run' .case.run
Submitted job id is 2758866.chadmin1.ib0.cheyenne.ucar.edu
Submit job case.st_archive
Submitting job script qsub -q regular -l walltime=12:00:00 -A P93300041  -W depend=afterok:2758866.chadmin1.ib0.cheyenne.ucar.edu:2758864.chadmin1.ib0.cheyenne.ucar.edu  case.st_archive
Submitted job id is 2758867.chadmin1.ib0.cheyenne.ucar.edu
Submitted job case.run with id 2758866.chadmin1.ib0.cheyenne.ucar.edu
Submitted job case.st_archive with id 2758867.chadmin1.ib0.cheyenne.ucar.edu
/glade/u/home/djk2120/ctsm_trendy_2023/scripts/S1
2758869.chadmin1.ib0.cheyenne.ucar.edu
