Submitting command to PBS using account P04010022:
    ./S0.sh

Requested custom PBS options:
    -q premium 

Waiting for job 2758945.chadmin1.ib0.cheyenne.ucar.edu to start ... 


Compset longname is 1850_DATM%CRUv7_CLM50%BGC-CROP_SICE_SOCN_MOSART_CISM2%NOEVOLVE_SWAV
Compset specification file is /glade/work/djk2120/trendy2022/cime_config/config_compsets.xml
Automatically adding SIAC to compset
Automatically adding SESP to compset
Compset forcing is 1850
ATM component is  Data driven ATM  CLM CRU NCEP v7 data set 
LND component is clm5.0:BGC (vert. resol. CN and methane) with prognostic crop:
ICE component is Stub ice component
OCN component is Stub ocn component
ROF component is MOSART: MOdel for Scale Adaptive River Transport
GLC component is cism2 (default, higher-order, can run in parallel):cism ice evolution turned off (this is the standard configuration unless you're explicitly interested in ice evolution):
WAV component is Stub wave component
IAC component is Stub iac component
ESP component is Stub external system processing (ESP) component
Pes     specification file is /glade/work/djk2120/trendy2022/cime_config/config_pes.xml
Machine is cheyenne
Pes setting: grid match    is l%0.9x1.25 
Pes setting: machine match is cheyenne 
Pes setting: grid          is a%0.9x1.25_l%0.9x1.25_oi%null_r%r05_g%gland4_w%null_z%null_m%gx1v7 
Pes setting: compset       is 1850_DATM%CRUv7_CLM50%BGC-CROP_SICE_SOCN_MOSART_CISM2%NOEVOLVE_SWAV_SIAC_SESP 
Pes setting: tasks       is {'NTASKS_ATM': -1, 'NTASKS_LND': -50, 'NTASKS_ROF': -50, 'NTASKS_ICE': -50, 'NTASKS_OCN': -50, 'NTASKS_GLC': -50, 'NTASKS_WAV': -50, 'NTASKS_CPL': -50} 
Pes setting: threads     is {'NTHRDS_ATM': 1, 'NTHRDS_LND': 1, 'NTHRDS_ROF': 1, 'NTHRDS_ICE': 1, 'NTHRDS_OCN': 1, 'NTHRDS_GLC': 1, 'NTHRDS_WAV': 1, 'NTHRDS_CPL': 1} 
Pes setting: rootpe      is {'ROOTPE_ATM': 0, 'ROOTPE_LND': -1, 'ROOTPE_ROF': -1, 'ROOTPE_ICE': -1, 'ROOTPE_OCN': -1, 'ROOTPE_GLC': -1, 'ROOTPE_WAV': -1, 'ROOTPE_CPL': -1} 
Pes setting: pstrid      is {} 
Pes other settings: {}
Pes comments: none
 Compset is: 1850_DATM%CRUv7_CLM50%BGC-CROP_SICE_SOCN_MOSART_CISM2%NOEVOLVE_SWAV_SIAC_SESP 
 Grid is: a%0.9x1.25_l%0.9x1.25_oi%null_r%r05_g%gland4_w%null_z%null_m%gx1v7 
 Components in compset are: ['datm', 'clm', 'sice', 'socn', 'mosart', 'cism', 'swav', 'siac', 'sesp', 'drv', 'dart'] 

This is a CESM scientifically supported compset at this resolution.

No charge_account info available, using value from PROJECT
cesm model version found: branch_tags/TRENDY-2019.n05_ctsm1.0.dev056
Batch_system_type is pbs
job is case.run USER_REQUESTED_WALLTIME None USER_REQUESTED_QUEUE None
job is case.st_archive USER_REQUESTED_WALLTIME None USER_REQUESTED_QUEUE None
 Creating Case directory /glade/u/home/djk2120/ctsm_trendy_2023/sims/TRENDY2023_f09_S0
copying /glade/u/home/djk2120/ctsm_trendy_2023/sims/TRENDY2023_f09_S0/env_case.xml -> /glade/u/home/djk2120/ctsm_trendy_2023/sims/TRENDY2023_f09_S0/LockedFiles
Setting resource.RLIMIT_STACK to -1 from (-1, -1)
copying /glade/work/djk2120/trendy2022/cime/config/cesm/machines/Depends.intel -> /glade/u/home/djk2120/ctsm_trendy_2023/sims/TRENDY2023_f09_S0
/glade/u/home/djk2120/ctsm_trendy_2023/sims/TRENDY2023_f09_S0/env_mach_specific.xml already exists, delete to replace
job is case.run USER_REQUESTED_WALLTIME 12:00:00 USER_REQUESTED_QUEUE regular
Creating batch scripts
Writing case.run script from input template /glade/work/djk2120/trendy2022/cime/config/cesm/machines/template.case.run
Creating file .case.run
Writing case.st_archive script from input template /glade/work/djk2120/trendy2022/cime/config/cesm/machines/template.st_archive
Creating file case.st_archive
copying /glade/u/home/djk2120/ctsm_trendy_2023/sims/TRENDY2023_f09_S0/env_mach_pes.xml -> /glade/u/home/djk2120/ctsm_trendy_2023/sims/TRENDY2023_f09_S0/LockedFiles
copying /glade/u/home/djk2120/ctsm_trendy_2023/sims/TRENDY2023_f09_S0/env_batch.xml -> /glade/u/home/djk2120/ctsm_trendy_2023/sims/TRENDY2023_f09_S0/LockedFiles
Creating user_nl_xxx files for components and cpl
copying /glade/work/djk2120/trendy2022/cime/src/drivers/mct/cime_config/user_nl_cpl -> .
copying /glade/work/djk2120/trendy2022/cime/src/components/data_comps/datm/cime_config/user_nl_datm -> 
copying /glade/work/djk2120/trendy2022/cime_config/user_nl_clm -> 
copying /glade/work/djk2120/trendy2022/components/mosart//cime_config/user_nl_mosart -> 
copying /glade/work/djk2120/trendy2022/components/cism//cime_config/user_nl_cism -> 
If an old case build already exists, might want to run 'case.build --clean' before building
You can now run './preview_run' to get more info on how your case will be run
Building case in directory /glade/u/home/djk2120/ctsm_trendy_2023/sims/TRENDY2023_f09_S0
sharedlib_only is False
model_only is False
Setting resource.RLIMIT_STACK to -1 from (-1, -1)
Generating component namelists as part of build
 - Prestaging REFCASE (/glade/scratch/djk2120/archive/TRENDY2023_f09_spinPostAD/rest/0400-01-01-00000) to /glade/scratch/djk2120/TRENDY2023_f09_S0/run
Copy rpointer /glade/scratch/djk2120/archive/TRENDY2023_f09_spinPostAD/rest/0400-01-01-00000/rpointer.lnd
copying /glade/scratch/djk2120/archive/TRENDY2023_f09_spinPostAD/rest/0400-01-01-00000/rpointer.lnd -> /glade/scratch/djk2120/TRENDY2023_f09_S0/run
Copy rpointer /glade/scratch/djk2120/archive/TRENDY2023_f09_spinPostAD/rest/0400-01-01-00000/rpointer.rof
copying /glade/scratch/djk2120/archive/TRENDY2023_f09_spinPostAD/rest/0400-01-01-00000/rpointer.rof -> /glade/scratch/djk2120/TRENDY2023_f09_S0/run
Copy rpointer /glade/scratch/djk2120/archive/TRENDY2023_f09_spinPostAD/rest/0400-01-01-00000/rpointer.atm
copying /glade/scratch/djk2120/archive/TRENDY2023_f09_spinPostAD/rest/0400-01-01-00000/rpointer.atm -> /glade/scratch/djk2120/TRENDY2023_f09_S0/run
Copy rpointer /glade/scratch/djk2120/archive/TRENDY2023_f09_spinPostAD/rest/0400-01-01-00000/rpointer.glc
copying /glade/scratch/djk2120/archive/TRENDY2023_f09_spinPostAD/rest/0400-01-01-00000/rpointer.glc -> /glade/scratch/djk2120/TRENDY2023_f09_S0/run
Copy rpointer /glade/scratch/djk2120/archive/TRENDY2023_f09_spinPostAD/rest/0400-01-01-00000/rpointer.drv
copying /glade/scratch/djk2120/archive/TRENDY2023_f09_spinPostAD/rest/0400-01-01-00000/rpointer.drv -> /glade/scratch/djk2120/TRENDY2023_f09_S0/run
Staging file /glade/scratch/djk2120/archive/TRENDY2023_f09_spinPostAD/rest/0400-01-01-00000/TRENDY2023_f09_spinPostAD.cism.r.0400-01-01-00000.nc
Staging file /glade/scratch/djk2120/archive/TRENDY2023_f09_spinPostAD/rest/0400-01-01-00000/TRENDY2023_f09_spinPostAD.clm2.r.0400-01-01-00000.nc
Staging file /glade/scratch/djk2120/archive/TRENDY2023_f09_spinPostAD/rest/0400-01-01-00000/TRENDY2023_f09_spinPostAD.mosart.h0.0399-12.nc
Staging file /glade/scratch/djk2120/archive/TRENDY2023_f09_spinPostAD/rest/0400-01-01-00000/TRENDY2023_f09_spinPostAD.mosart.rh0.0400-01-01-00000.nc
Staging file /glade/scratch/djk2120/archive/TRENDY2023_f09_spinPostAD/rest/0400-01-01-00000/TRENDY2023_f09_spinPostAD.clm2.h0.0400-01-01-00000.nc
Staging file /glade/scratch/djk2120/archive/TRENDY2023_f09_spinPostAD/rest/0400-01-01-00000/TRENDY2023_f09_spinPostAD.mosart.r.0400-01-01-00000.nc
Staging file /glade/scratch/djk2120/archive/TRENDY2023_f09_spinPostAD/rest/0400-01-01-00000/TRENDY2023_f09_spinPostAD.clm2.rh0.0400-01-01-00000.nc
Staging file /glade/scratch/djk2120/archive/TRENDY2023_f09_spinPostAD/rest/0400-01-01-00000/TRENDY2023_f09_spinPostAD.cpl.r.0400-01-01-00000.nc
Creating component namelists
  2023-08-21 12:39:51 atm
   Calling /glade/work/djk2120/trendy2022/cime/src/components/data_comps/datm/cime_config/buildnml
copying /glade/u/home/djk2120/ctsm_trendy_2023/sims/TRENDY2023_f09_S0/user_datm.streams.txt.CLMCRUNCEPv7.Solar -> /glade/u/home/djk2120/ctsm_trendy_2023/sims/TRENDY2023_f09_S0/Buildconf/datmconf/datm.streams.txt.CLMCRUNCEPv7.Solar
copying /glade/u/home/djk2120/ctsm_trendy_2023/sims/TRENDY2023_f09_S0/user_datm.streams.txt.CLMCRUNCEPv7.Precip -> /glade/u/home/djk2120/ctsm_trendy_2023/sims/TRENDY2023_f09_S0/Buildconf/datmconf/datm.streams.txt.CLMCRUNCEPv7.Precip
copying /glade/u/home/djk2120/ctsm_trendy_2023/sims/TRENDY2023_f09_S0/user_datm.streams.txt.CLMCRUNCEPv7.TPQW -> /glade/u/home/djk2120/ctsm_trendy_2023/sims/TRENDY2023_f09_S0/Buildconf/datmconf/datm.streams.txt.CLMCRUNCEPv7.TPQW
copying /glade/u/home/djk2120/ctsm_trendy_2023/sims/TRENDY2023_f09_S0/Buildconf/datmconf/datm_in -> /glade/scratch/djk2120/TRENDY2023_f09_S0/run
copying /glade/u/home/djk2120/ctsm_trendy_2023/sims/TRENDY2023_f09_S0/Buildconf/datmconf/datm.streams.txt.CLMCRUNCEPv7.Solar -> /glade/scratch/djk2120/TRENDY2023_f09_S0/run
copying /glade/u/home/djk2120/ctsm_trendy_2023/sims/TRENDY2023_f09_S0/Buildconf/datmconf/datm.streams.txt.CLMCRUNCEPv7.Precip -> /glade/scratch/djk2120/TRENDY2023_f09_S0/run
copying /glade/u/home/djk2120/ctsm_trendy_2023/sims/TRENDY2023_f09_S0/Buildconf/datmconf/datm.streams.txt.presaero.clim_1850 -> /glade/scratch/djk2120/TRENDY2023_f09_S0/run
copying /glade/u/home/djk2120/ctsm_trendy_2023/sims/TRENDY2023_f09_S0/Buildconf/datmconf/datm.streams.txt.topo.observed -> /glade/scratch/djk2120/TRENDY2023_f09_S0/run
copying /glade/u/home/djk2120/ctsm_trendy_2023/sims/TRENDY2023_f09_S0/Buildconf/datmconf/datm.streams.txt.CLMCRUNCEPv7.TPQW -> /glade/scratch/djk2120/TRENDY2023_f09_S0/run
  2023-08-21 12:39:51 lnd
   Calling /glade/work/djk2120/trendy2022/cime_config/buildnml
  2023-08-21 12:39:52 ice
   Calling /glade/work/djk2120/trendy2022/cime/src/components/stub_comps/sice/cime_config/buildnml
  2023-08-21 12:39:52 ocn
   Calling /glade/work/djk2120/trendy2022/cime/src/components/stub_comps/socn/cime_config/buildnml
  2023-08-21 12:39:52 rof
   Calling /glade/work/djk2120/trendy2022/components/mosart//cime_config/buildnml
  2023-08-21 12:39:52 glc
   Running /glade/work/djk2120/trendy2022/components/cism//cime_config/buildnml 
  2023-08-21 12:39:56 wav
   Calling /glade/work/djk2120/trendy2022/cime/src/components/stub_comps/swav/cime_config/buildnml
  2023-08-21 12:39:56 iac
   Running /glade/work/djk2120/trendy2022/cime/src/components/stub_comps/siac/cime_config/buildnml 
  2023-08-21 12:39:56 esp
   Calling /glade/work/djk2120/trendy2022/cime/src/components/stub_comps/sesp/cime_config/buildnml
  2023-08-21 12:39:56 cpl
   Calling /glade/work/djk2120/trendy2022/cime/src/drivers/mct/cime_config/buildnml
copying /glade/u/home/djk2120/ctsm_trendy_2023/sims/TRENDY2023_f09_S0/Buildconf/cplconf/drv_in -> /glade/scratch/djk2120/TRENDY2023_f09_S0/run
copying /glade/u/home/djk2120/ctsm_trendy_2023/sims/TRENDY2023_f09_S0/CaseDocs/drv_flds_in -> /glade/scratch/djk2120/TRENDY2023_f09_S0/run
copying /glade/u/home/djk2120/ctsm_trendy_2023/sims/TRENDY2023_f09_S0/Buildconf/cplconf/seq_maps.rc -> /glade/scratch/djk2120/TRENDY2023_f09_S0/run
copying /glade/u/home/djk2120/ctsm_trendy_2023/sims/TRENDY2023_f09_S0/Buildconf/cplconf/glc_modelio.nml -> /glade/scratch/djk2120/TRENDY2023_f09_S0/run
copying /glade/u/home/djk2120/ctsm_trendy_2023/sims/TRENDY2023_f09_S0/Buildconf/cplconf/iac_modelio.nml -> /glade/scratch/djk2120/TRENDY2023_f09_S0/run
copying /glade/u/home/djk2120/ctsm_trendy_2023/sims/TRENDY2023_f09_S0/Buildconf/cplconf/ocn_modelio.nml -> /glade/scratch/djk2120/TRENDY2023_f09_S0/run
copying /glade/u/home/djk2120/ctsm_trendy_2023/sims/TRENDY2023_f09_S0/Buildconf/cplconf/esp_modelio.nml -> /glade/scratch/djk2120/TRENDY2023_f09_S0/run
copying /glade/u/home/djk2120/ctsm_trendy_2023/sims/TRENDY2023_f09_S0/Buildconf/cplconf/ice_modelio.nml -> /glade/scratch/djk2120/TRENDY2023_f09_S0/run
copying /glade/u/home/djk2120/ctsm_trendy_2023/sims/TRENDY2023_f09_S0/Buildconf/cplconf/wav_modelio.nml -> /glade/scratch/djk2120/TRENDY2023_f09_S0/run
copying /glade/u/home/djk2120/ctsm_trendy_2023/sims/TRENDY2023_f09_S0/Buildconf/cplconf/lnd_modelio.nml -> /glade/scratch/djk2120/TRENDY2023_f09_S0/run
copying /glade/u/home/djk2120/ctsm_trendy_2023/sims/TRENDY2023_f09_S0/Buildconf/cplconf/atm_modelio.nml -> /glade/scratch/djk2120/TRENDY2023_f09_S0/run
copying /glade/u/home/djk2120/ctsm_trendy_2023/sims/TRENDY2023_f09_S0/Buildconf/cplconf/rof_modelio.nml -> /glade/scratch/djk2120/TRENDY2023_f09_S0/run
copying /glade/u/home/djk2120/ctsm_trendy_2023/sims/TRENDY2023_f09_S0/Buildconf/cplconf/cpl_modelio.nml -> /glade/scratch/djk2120/TRENDY2023_f09_S0/run
Finished creating component namelists
copying /glade/scratch/djk2120/TRENDY2023_f09_S0/run/glc_modelio.nml -> /glade/u/home/djk2120/ctsm_trendy_2023/sims/TRENDY2023_f09_S0/CaseDocs
copying /glade/scratch/djk2120/TRENDY2023_f09_S0/run/iac_modelio.nml -> /glade/u/home/djk2120/ctsm_trendy_2023/sims/TRENDY2023_f09_S0/CaseDocs
copying /glade/scratch/djk2120/TRENDY2023_f09_S0/run/ocn_modelio.nml -> /glade/u/home/djk2120/ctsm_trendy_2023/sims/TRENDY2023_f09_S0/CaseDocs
copying /glade/scratch/djk2120/TRENDY2023_f09_S0/run/esp_modelio.nml -> /glade/u/home/djk2120/ctsm_trendy_2023/sims/TRENDY2023_f09_S0/CaseDocs
copying /glade/scratch/djk2120/TRENDY2023_f09_S0/run/ice_modelio.nml -> /glade/u/home/djk2120/ctsm_trendy_2023/sims/TRENDY2023_f09_S0/CaseDocs
copying /glade/scratch/djk2120/TRENDY2023_f09_S0/run/wav_modelio.nml -> /glade/u/home/djk2120/ctsm_trendy_2023/sims/TRENDY2023_f09_S0/CaseDocs
copying /glade/scratch/djk2120/TRENDY2023_f09_S0/run/lnd_modelio.nml -> /glade/u/home/djk2120/ctsm_trendy_2023/sims/TRENDY2023_f09_S0/CaseDocs
copying /glade/scratch/djk2120/TRENDY2023_f09_S0/run/atm_modelio.nml -> /glade/u/home/djk2120/ctsm_trendy_2023/sims/TRENDY2023_f09_S0/CaseDocs
copying /glade/scratch/djk2120/TRENDY2023_f09_S0/run/rof_modelio.nml -> /glade/u/home/djk2120/ctsm_trendy_2023/sims/TRENDY2023_f09_S0/CaseDocs
copying /glade/scratch/djk2120/TRENDY2023_f09_S0/run/cpl_modelio.nml -> /glade/u/home/djk2120/ctsm_trendy_2023/sims/TRENDY2023_f09_S0/CaseDocs
copying /glade/scratch/djk2120/TRENDY2023_f09_S0/run/cism_in -> /glade/u/home/djk2120/ctsm_trendy_2023/sims/TRENDY2023_f09_S0/CaseDocs
copying /glade/scratch/djk2120/TRENDY2023_f09_S0/run/drv_in -> /glade/u/home/djk2120/ctsm_trendy_2023/sims/TRENDY2023_f09_S0/CaseDocs
copying /glade/scratch/djk2120/TRENDY2023_f09_S0/run/mosart_in -> /glade/u/home/djk2120/ctsm_trendy_2023/sims/TRENDY2023_f09_S0/CaseDocs
copying /glade/scratch/djk2120/TRENDY2023_f09_S0/run/drv_flds_in -> /glade/u/home/djk2120/ctsm_trendy_2023/sims/TRENDY2023_f09_S0/CaseDocs
copying /glade/scratch/djk2120/TRENDY2023_f09_S0/run/lnd_in -> /glade/u/home/djk2120/ctsm_trendy_2023/sims/TRENDY2023_f09_S0/CaseDocs
copying /glade/scratch/djk2120/TRENDY2023_f09_S0/run/datm_in -> /glade/u/home/djk2120/ctsm_trendy_2023/sims/TRENDY2023_f09_S0/CaseDocs
copying /glade/scratch/djk2120/TRENDY2023_f09_S0/run/datm.streams.txt.CLMCRUNCEPv7.Solar -> /glade/u/home/djk2120/ctsm_trendy_2023/sims/TRENDY2023_f09_S0/CaseDocs
copying /glade/scratch/djk2120/TRENDY2023_f09_S0/run/datm.streams.txt.CLMCRUNCEPv7.Precip -> /glade/u/home/djk2120/ctsm_trendy_2023/sims/TRENDY2023_f09_S0/CaseDocs
copying /glade/scratch/djk2120/TRENDY2023_f09_S0/run/datm.streams.txt.presaero.clim_1850 -> /glade/u/home/djk2120/ctsm_trendy_2023/sims/TRENDY2023_f09_S0/CaseDocs
copying /glade/scratch/djk2120/TRENDY2023_f09_S0/run/datm.streams.txt.topo.observed -> /glade/u/home/djk2120/ctsm_trendy_2023/sims/TRENDY2023_f09_S0/CaseDocs
copying /glade/scratch/djk2120/TRENDY2023_f09_S0/run/datm.streams.txt.CLMCRUNCEPv7.TPQW -> /glade/u/home/djk2120/ctsm_trendy_2023/sims/TRENDY2023_f09_S0/CaseDocs
copying /glade/scratch/djk2120/TRENDY2023_f09_S0/run/seq_maps.rc -> /glade/u/home/djk2120/ctsm_trendy_2023/sims/TRENDY2023_f09_S0/CaseDocs
copying /glade/scratch/djk2120/TRENDY2023_f09_S0/run/cism.config -> /glade/u/home/djk2120/ctsm_trendy_2023/sims/TRENDY2023_f09_S0/CaseDocs
Building gptl with output to file /glade/scratch/djk2120/TRENDY2023_f09_S0/bld/gptl.bldlog.230821-123950
   Calling /glade/work/djk2120/trendy2022/cime/src/build_scripts/buildlib.gptl
Building mct with output to file /glade/scratch/djk2120/TRENDY2023_f09_S0/bld/mct.bldlog.230821-123950
   Calling /glade/work/djk2120/trendy2022/cime/src/build_scripts/buildlib.mct
Building pio with output to file /glade/scratch/djk2120/TRENDY2023_f09_S0/bld/pio.bldlog.230821-123950
   Calling /glade/work/djk2120/trendy2022/cime/src/build_scripts/buildlib.pio
Component pio build complete with 2 warnings
Building csm_share with output to file /glade/scratch/djk2120/TRENDY2023_f09_S0/bld/csm_share.bldlog.230821-123950
   Calling /glade/work/djk2120/trendy2022/cime/src/build_scripts/buildlib.csm_share
Component csm_share build complete with 20 warnings
         - Building clm library 
Building lnd with output to /glade/scratch/djk2120/TRENDY2023_f09_S0/bld/lnd.bldlog.230821-123950
Component lnd build complete with 12 warnings
copying /glade/scratch/djk2120/TRENDY2023_f09_S0/bld/intel/mpt/nodebug/nothreads/mct/mct/noesmf/clm/obj/lnd_comp_mct.mod -> /glade/scratch/djk2120/TRENDY2023_f09_S0/bld/intel/mpt/nodebug/nothreads/mct/mct/noesmf/include
clm built in 124.342508 seconds
         - Building atm Library 
Building atm with output to /glade/scratch/djk2120/TRENDY2023_f09_S0/bld/atm.bldlog.230821-123950
         - Building ice Library 
Building ice with output to /glade/scratch/djk2120/TRENDY2023_f09_S0/bld/ice.bldlog.230821-123950
         - Building ocn Library 
Building ocn with output to /glade/scratch/djk2120/TRENDY2023_f09_S0/bld/ocn.bldlog.230821-123950
         - Building rof Library 
Building rof with output to /glade/scratch/djk2120/TRENDY2023_f09_S0/bld/rof.bldlog.230821-123950
         - Building glc Library 
Building glc with output to /glade/scratch/djk2120/TRENDY2023_f09_S0/bld/glc.bldlog.230821-123950
         - Building wav Library 
Building wav with output to /glade/scratch/djk2120/TRENDY2023_f09_S0/bld/wav.bldlog.230821-123950
         - Building iac Library 
Building iac with output to /glade/scratch/djk2120/TRENDY2023_f09_S0/bld/iac.bldlog.230821-123950
         - Building esp Library 
Building esp with output to /glade/scratch/djk2120/TRENDY2023_f09_S0/bld/esp.bldlog.230821-123950
copying /glade/scratch/djk2120/TRENDY2023_f09_S0/bld/ice/obj/ice_comp_mct.mod -> /glade/scratch/djk2120/TRENDY2023_f09_S0/bld/lib/include
sice built in 1.159417 seconds
copying /glade/scratch/djk2120/TRENDY2023_f09_S0/bld/esp/obj/esp_comp_mct.mod -> /glade/scratch/djk2120/TRENDY2023_f09_S0/bld/lib/include
sesp built in 1.157058 seconds
copying /glade/scratch/djk2120/TRENDY2023_f09_S0/bld/wav/obj/wav_comp_mct.mod -> /glade/scratch/djk2120/TRENDY2023_f09_S0/bld/lib/include
swav built in 1.175922 seconds
copying /glade/scratch/djk2120/TRENDY2023_f09_S0/bld/ocn/obj/ocn_comp_mct.mod -> /glade/scratch/djk2120/TRENDY2023_f09_S0/bld/lib/include
socn built in 1.408694 seconds
copying /glade/scratch/djk2120/TRENDY2023_f09_S0/bld/iac/obj/iac_comp_mct.mod -> /glade/scratch/djk2120/TRENDY2023_f09_S0/bld/lib/include
siac built in 1.415362 seconds
copying /glade/scratch/djk2120/TRENDY2023_f09_S0/bld/atm/obj/datm_comp_mod.mod -> /glade/scratch/djk2120/TRENDY2023_f09_S0/bld/lib/include
copying /glade/scratch/djk2120/TRENDY2023_f09_S0/bld/atm/obj/atm_comp_mct.mod -> /glade/scratch/djk2120/TRENDY2023_f09_S0/bld/lib/include
datm built in 3.904865 seconds
copying /glade/scratch/djk2120/TRENDY2023_f09_S0/bld/rof/obj/rof_comp_mct.mod -> /glade/scratch/djk2120/TRENDY2023_f09_S0/bld/lib/include
mosart built in 24.200899 seconds
Component glc build complete with 3 warnings
copying /glade/scratch/djk2120/TRENDY2023_f09_S0/bld/glc/obj/glc_comp_mct.mod -> /glade/scratch/djk2120/TRENDY2023_f09_S0/bld/lib/include
cism built in 193.702979 seconds
Building cesm with output to /glade/scratch/djk2120/TRENDY2023_f09_S0/bld/cesm.bldlog.230821-123950 
copying /glade/scratch/djk2120/TRENDY2023_f09_S0/bld/cesm.exe -> /glade/scratch/djk2120/TRENDY2023_f09_S0/bld/cesm.exe.230821-123950
copying /glade/u/home/djk2120/ctsm_trendy_2023/sims/TRENDY2023_f09_S0/env_build.xml -> /glade/u/home/djk2120/ctsm_trendy_2023/sims/TRENDY2023_f09_S0/LockedFiles
Time spent not building: 6.754339 sec
Time spent building: 476.694793 sec
MODEL BUILD HAS FINISHED SUCCESSFULLY
copying /glade/u/home/djk2120/ctsm_trendy_2023/sims/TRENDY2023_f09_S0/env_batch.xml -> /glade/u/home/djk2120/ctsm_trendy_2023/sims/TRENDY2023_f09_S0/LockedFiles
copying /glade/u/home/djk2120/ctsm_trendy_2023/sims/TRENDY2023_f09_S0/env_batch.xml -> /glade/u/home/djk2120/ctsm_trendy_2023/sims/TRENDY2023_f09_S0/LockedFiles
Setting resource.RLIMIT_STACK to -1 from (-1, -1)
 - Prestaging REFCASE (/glade/scratch/djk2120/archive/TRENDY2023_f09_spinPostAD/rest/0400-01-01-00000) to /glade/scratch/djk2120/TRENDY2023_f09_S0/run
Copy rpointer /glade/scratch/djk2120/archive/TRENDY2023_f09_spinPostAD/rest/0400-01-01-00000/rpointer.lnd
copying /glade/scratch/djk2120/archive/TRENDY2023_f09_spinPostAD/rest/0400-01-01-00000/rpointer.lnd -> /glade/scratch/djk2120/TRENDY2023_f09_S0/run
Copy rpointer /glade/scratch/djk2120/archive/TRENDY2023_f09_spinPostAD/rest/0400-01-01-00000/rpointer.rof
copying /glade/scratch/djk2120/archive/TRENDY2023_f09_spinPostAD/rest/0400-01-01-00000/rpointer.rof -> /glade/scratch/djk2120/TRENDY2023_f09_S0/run
Copy rpointer /glade/scratch/djk2120/archive/TRENDY2023_f09_spinPostAD/rest/0400-01-01-00000/rpointer.atm
copying /glade/scratch/djk2120/archive/TRENDY2023_f09_spinPostAD/rest/0400-01-01-00000/rpointer.atm -> /glade/scratch/djk2120/TRENDY2023_f09_S0/run
Copy rpointer /glade/scratch/djk2120/archive/TRENDY2023_f09_spinPostAD/rest/0400-01-01-00000/rpointer.glc
copying /glade/scratch/djk2120/archive/TRENDY2023_f09_spinPostAD/rest/0400-01-01-00000/rpointer.glc -> /glade/scratch/djk2120/TRENDY2023_f09_S0/run
Copy rpointer /glade/scratch/djk2120/archive/TRENDY2023_f09_spinPostAD/rest/0400-01-01-00000/rpointer.drv
copying /glade/scratch/djk2120/archive/TRENDY2023_f09_spinPostAD/rest/0400-01-01-00000/rpointer.drv -> /glade/scratch/djk2120/TRENDY2023_f09_S0/run
Creating component namelists
  2023-08-21 12:47:55 atm
   Calling /glade/work/djk2120/trendy2022/cime/src/components/data_comps/datm/cime_config/buildnml
copying /glade/u/home/djk2120/ctsm_trendy_2023/sims/TRENDY2023_f09_S0/user_datm.streams.txt.CLMCRUNCEPv7.Solar -> /glade/u/home/djk2120/ctsm_trendy_2023/sims/TRENDY2023_f09_S0/Buildconf/datmconf/datm.streams.txt.CLMCRUNCEPv7.Solar
copying /glade/u/home/djk2120/ctsm_trendy_2023/sims/TRENDY2023_f09_S0/user_datm.streams.txt.CLMCRUNCEPv7.Precip -> /glade/u/home/djk2120/ctsm_trendy_2023/sims/TRENDY2023_f09_S0/Buildconf/datmconf/datm.streams.txt.CLMCRUNCEPv7.Precip
copying /glade/u/home/djk2120/ctsm_trendy_2023/sims/TRENDY2023_f09_S0/user_datm.streams.txt.CLMCRUNCEPv7.TPQW -> /glade/u/home/djk2120/ctsm_trendy_2023/sims/TRENDY2023_f09_S0/Buildconf/datmconf/datm.streams.txt.CLMCRUNCEPv7.TPQW
copying /glade/u/home/djk2120/ctsm_trendy_2023/sims/TRENDY2023_f09_S0/Buildconf/datmconf/datm_in -> /glade/scratch/djk2120/TRENDY2023_f09_S0/run
copying /glade/u/home/djk2120/ctsm_trendy_2023/sims/TRENDY2023_f09_S0/Buildconf/datmconf/datm.streams.txt.CLMCRUNCEPv7.Solar -> /glade/scratch/djk2120/TRENDY2023_f09_S0/run
copying /glade/u/home/djk2120/ctsm_trendy_2023/sims/TRENDY2023_f09_S0/Buildconf/datmconf/datm.streams.txt.CLMCRUNCEPv7.Precip -> /glade/scratch/djk2120/TRENDY2023_f09_S0/run
copying /glade/u/home/djk2120/ctsm_trendy_2023/sims/TRENDY2023_f09_S0/Buildconf/datmconf/datm.streams.txt.presaero.clim_1850 -> /glade/scratch/djk2120/TRENDY2023_f09_S0/run
copying /glade/u/home/djk2120/ctsm_trendy_2023/sims/TRENDY2023_f09_S0/Buildconf/datmconf/datm.streams.txt.topo.observed -> /glade/scratch/djk2120/TRENDY2023_f09_S0/run
copying /glade/u/home/djk2120/ctsm_trendy_2023/sims/TRENDY2023_f09_S0/Buildconf/datmconf/datm.streams.txt.CLMCRUNCEPv7.TPQW -> /glade/scratch/djk2120/TRENDY2023_f09_S0/run
  2023-08-21 12:47:55 lnd
   Calling /glade/work/djk2120/trendy2022/cime_config/buildnml
  2023-08-21 12:47:55 ice
   Calling /glade/work/djk2120/trendy2022/cime/src/components/stub_comps/sice/cime_config/buildnml
  2023-08-21 12:47:55 ocn
   Calling /glade/work/djk2120/trendy2022/cime/src/components/stub_comps/socn/cime_config/buildnml
  2023-08-21 12:47:55 rof
   Calling /glade/work/djk2120/trendy2022/components/mosart//cime_config/buildnml
  2023-08-21 12:47:55 glc
   Running /glade/work/djk2120/trendy2022/components/cism//cime_config/buildnml 
  2023-08-21 12:47:59 wav
   Calling /glade/work/djk2120/trendy2022/cime/src/components/stub_comps/swav/cime_config/buildnml
  2023-08-21 12:47:59 iac
   Running /glade/work/djk2120/trendy2022/cime/src/components/stub_comps/siac/cime_config/buildnml 
  2023-08-21 12:47:59 esp
   Calling /glade/work/djk2120/trendy2022/cime/src/components/stub_comps/sesp/cime_config/buildnml
  2023-08-21 12:47:59 cpl
   Calling /glade/work/djk2120/trendy2022/cime/src/drivers/mct/cime_config/buildnml
copying /glade/u/home/djk2120/ctsm_trendy_2023/sims/TRENDY2023_f09_S0/Buildconf/cplconf/drv_in -> /glade/scratch/djk2120/TRENDY2023_f09_S0/run
copying /glade/u/home/djk2120/ctsm_trendy_2023/sims/TRENDY2023_f09_S0/CaseDocs/drv_flds_in -> /glade/scratch/djk2120/TRENDY2023_f09_S0/run
copying /glade/u/home/djk2120/ctsm_trendy_2023/sims/TRENDY2023_f09_S0/Buildconf/cplconf/seq_maps.rc -> /glade/scratch/djk2120/TRENDY2023_f09_S0/run
copying /glade/u/home/djk2120/ctsm_trendy_2023/sims/TRENDY2023_f09_S0/Buildconf/cplconf/glc_modelio.nml -> /glade/scratch/djk2120/TRENDY2023_f09_S0/run
copying /glade/u/home/djk2120/ctsm_trendy_2023/sims/TRENDY2023_f09_S0/Buildconf/cplconf/iac_modelio.nml -> /glade/scratch/djk2120/TRENDY2023_f09_S0/run
copying /glade/u/home/djk2120/ctsm_trendy_2023/sims/TRENDY2023_f09_S0/Buildconf/cplconf/ocn_modelio.nml -> /glade/scratch/djk2120/TRENDY2023_f09_S0/run
copying /glade/u/home/djk2120/ctsm_trendy_2023/sims/TRENDY2023_f09_S0/Buildconf/cplconf/esp_modelio.nml -> /glade/scratch/djk2120/TRENDY2023_f09_S0/run
copying /glade/u/home/djk2120/ctsm_trendy_2023/sims/TRENDY2023_f09_S0/Buildconf/cplconf/ice_modelio.nml -> /glade/scratch/djk2120/TRENDY2023_f09_S0/run
copying /glade/u/home/djk2120/ctsm_trendy_2023/sims/TRENDY2023_f09_S0/Buildconf/cplconf/wav_modelio.nml -> /glade/scratch/djk2120/TRENDY2023_f09_S0/run
copying /glade/u/home/djk2120/ctsm_trendy_2023/sims/TRENDY2023_f09_S0/Buildconf/cplconf/lnd_modelio.nml -> /glade/scratch/djk2120/TRENDY2023_f09_S0/run
copying /glade/u/home/djk2120/ctsm_trendy_2023/sims/TRENDY2023_f09_S0/Buildconf/cplconf/atm_modelio.nml -> /glade/scratch/djk2120/TRENDY2023_f09_S0/run
copying /glade/u/home/djk2120/ctsm_trendy_2023/sims/TRENDY2023_f09_S0/Buildconf/cplconf/rof_modelio.nml -> /glade/scratch/djk2120/TRENDY2023_f09_S0/run
copying /glade/u/home/djk2120/ctsm_trendy_2023/sims/TRENDY2023_f09_S0/Buildconf/cplconf/cpl_modelio.nml -> /glade/scratch/djk2120/TRENDY2023_f09_S0/run
Finished creating component namelists
copying /glade/scratch/djk2120/TRENDY2023_f09_S0/run/glc_modelio.nml -> /glade/u/home/djk2120/ctsm_trendy_2023/sims/TRENDY2023_f09_S0/CaseDocs
copying /glade/scratch/djk2120/TRENDY2023_f09_S0/run/iac_modelio.nml -> /glade/u/home/djk2120/ctsm_trendy_2023/sims/TRENDY2023_f09_S0/CaseDocs
copying /glade/scratch/djk2120/TRENDY2023_f09_S0/run/ocn_modelio.nml -> /glade/u/home/djk2120/ctsm_trendy_2023/sims/TRENDY2023_f09_S0/CaseDocs
copying /glade/scratch/djk2120/TRENDY2023_f09_S0/run/esp_modelio.nml -> /glade/u/home/djk2120/ctsm_trendy_2023/sims/TRENDY2023_f09_S0/CaseDocs
copying /glade/scratch/djk2120/TRENDY2023_f09_S0/run/ice_modelio.nml -> /glade/u/home/djk2120/ctsm_trendy_2023/sims/TRENDY2023_f09_S0/CaseDocs
copying /glade/scratch/djk2120/TRENDY2023_f09_S0/run/wav_modelio.nml -> /glade/u/home/djk2120/ctsm_trendy_2023/sims/TRENDY2023_f09_S0/CaseDocs
copying /glade/scratch/djk2120/TRENDY2023_f09_S0/run/lnd_modelio.nml -> /glade/u/home/djk2120/ctsm_trendy_2023/sims/TRENDY2023_f09_S0/CaseDocs
copying /glade/scratch/djk2120/TRENDY2023_f09_S0/run/atm_modelio.nml -> /glade/u/home/djk2120/ctsm_trendy_2023/sims/TRENDY2023_f09_S0/CaseDocs
copying /glade/scratch/djk2120/TRENDY2023_f09_S0/run/rof_modelio.nml -> /glade/u/home/djk2120/ctsm_trendy_2023/sims/TRENDY2023_f09_S0/CaseDocs
copying /glade/scratch/djk2120/TRENDY2023_f09_S0/run/cpl_modelio.nml -> /glade/u/home/djk2120/ctsm_trendy_2023/sims/TRENDY2023_f09_S0/CaseDocs
copying /glade/scratch/djk2120/TRENDY2023_f09_S0/run/cism_in -> /glade/u/home/djk2120/ctsm_trendy_2023/sims/TRENDY2023_f09_S0/CaseDocs
copying /glade/scratch/djk2120/TRENDY2023_f09_S0/run/drv_in -> /glade/u/home/djk2120/ctsm_trendy_2023/sims/TRENDY2023_f09_S0/CaseDocs
copying /glade/scratch/djk2120/TRENDY2023_f09_S0/run/mosart_in -> /glade/u/home/djk2120/ctsm_trendy_2023/sims/TRENDY2023_f09_S0/CaseDocs
copying /glade/scratch/djk2120/TRENDY2023_f09_S0/run/drv_flds_in -> /glade/u/home/djk2120/ctsm_trendy_2023/sims/TRENDY2023_f09_S0/CaseDocs
copying /glade/scratch/djk2120/TRENDY2023_f09_S0/run/lnd_in -> /glade/u/home/djk2120/ctsm_trendy_2023/sims/TRENDY2023_f09_S0/CaseDocs
copying /glade/scratch/djk2120/TRENDY2023_f09_S0/run/datm_in -> /glade/u/home/djk2120/ctsm_trendy_2023/sims/TRENDY2023_f09_S0/CaseDocs
copying /glade/scratch/djk2120/TRENDY2023_f09_S0/run/datm.streams.txt.CLMCRUNCEPv7.Solar -> /glade/u/home/djk2120/ctsm_trendy_2023/sims/TRENDY2023_f09_S0/CaseDocs
copying /glade/scratch/djk2120/TRENDY2023_f09_S0/run/datm.streams.txt.CLMCRUNCEPv7.Precip -> /glade/u/home/djk2120/ctsm_trendy_2023/sims/TRENDY2023_f09_S0/CaseDocs
copying /glade/scratch/djk2120/TRENDY2023_f09_S0/run/datm.streams.txt.presaero.clim_1850 -> /glade/u/home/djk2120/ctsm_trendy_2023/sims/TRENDY2023_f09_S0/CaseDocs
copying /glade/scratch/djk2120/TRENDY2023_f09_S0/run/datm.streams.txt.topo.observed -> /glade/u/home/djk2120/ctsm_trendy_2023/sims/TRENDY2023_f09_S0/CaseDocs
copying /glade/scratch/djk2120/TRENDY2023_f09_S0/run/datm.streams.txt.CLMCRUNCEPv7.TPQW -> /glade/u/home/djk2120/ctsm_trendy_2023/sims/TRENDY2023_f09_S0/CaseDocs
copying /glade/scratch/djk2120/TRENDY2023_f09_S0/run/seq_maps.rc -> /glade/u/home/djk2120/ctsm_trendy_2023/sims/TRENDY2023_f09_S0/CaseDocs
copying /glade/scratch/djk2120/TRENDY2023_f09_S0/run/cism.config -> /glade/u/home/djk2120/ctsm_trendy_2023/sims/TRENDY2023_f09_S0/CaseDocs
Checking that inputdata is available as part of case submission
Setting resource.RLIMIT_STACK to -1 from (-1, -1)
Loading input file list: 'Buildconf/clm.input_data_list'
Loading input file list: 'Buildconf/cpl.input_data_list'
Loading input file list: 'Buildconf/datm.input_data_list'
Loading input file list: 'Buildconf/cism.input_data_list'
Loading input file list: 'Buildconf/mosart.input_data_list'
 - Prestaging REFCASE (/glade/scratch/djk2120/archive/TRENDY2023_f09_spinPostAD/rest/0400-01-01-00000) to /glade/scratch/djk2120/TRENDY2023_f09_S0/run
Copy rpointer /glade/scratch/djk2120/archive/TRENDY2023_f09_spinPostAD/rest/0400-01-01-00000/rpointer.lnd
copying /glade/scratch/djk2120/archive/TRENDY2023_f09_spinPostAD/rest/0400-01-01-00000/rpointer.lnd -> /glade/scratch/djk2120/TRENDY2023_f09_S0/run
Copy rpointer /glade/scratch/djk2120/archive/TRENDY2023_f09_spinPostAD/rest/0400-01-01-00000/rpointer.rof
copying /glade/scratch/djk2120/archive/TRENDY2023_f09_spinPostAD/rest/0400-01-01-00000/rpointer.rof -> /glade/scratch/djk2120/TRENDY2023_f09_S0/run
Copy rpointer /glade/scratch/djk2120/archive/TRENDY2023_f09_spinPostAD/rest/0400-01-01-00000/rpointer.atm
copying /glade/scratch/djk2120/archive/TRENDY2023_f09_spinPostAD/rest/0400-01-01-00000/rpointer.atm -> /glade/scratch/djk2120/TRENDY2023_f09_S0/run
Copy rpointer /glade/scratch/djk2120/archive/TRENDY2023_f09_spinPostAD/rest/0400-01-01-00000/rpointer.glc
copying /glade/scratch/djk2120/archive/TRENDY2023_f09_spinPostAD/rest/0400-01-01-00000/rpointer.glc -> /glade/scratch/djk2120/TRENDY2023_f09_S0/run
Copy rpointer /glade/scratch/djk2120/archive/TRENDY2023_f09_spinPostAD/rest/0400-01-01-00000/rpointer.drv
copying /glade/scratch/djk2120/archive/TRENDY2023_f09_spinPostAD/rest/0400-01-01-00000/rpointer.drv -> /glade/scratch/djk2120/TRENDY2023_f09_S0/run
Check case OK
submit_jobs case.run
Submit job case.run
Submitting job script qsub -q regular -l walltime=12:00:00 -A P93300041 -v ARGS_FOR_SCRIPT='--resubmit' .case.run
Submitted job id is 2759193.chadmin1.ib0.cheyenne.ucar.edu
Submit job case.st_archive
Submitting job script qsub -q regular -l walltime=12:00:00 -A P93300041  -W depend=afterok:2759193.chadmin1.ib0.cheyenne.ucar.edu -v ARGS_FOR_SCRIPT='--resubmit' case.st_archive
Submitted job id is 2759204.chadmin1.ib0.cheyenne.ucar.edu
Submitted job case.run with id 2759193.chadmin1.ib0.cheyenne.ucar.edu
Submitted job case.st_archive with id 2759204.chadmin1.ib0.cheyenne.ucar.edu
